<?xml version="1.0" encoding="UTF-8"?>
<beans xmlns="http://www.springframework.org/schema/beans"
	xmlns:xsi="http://www.w3.org/2001/XMLSchema-instance" xmlns:context="http://www.springframework.org/schema/context"
	xsi:schemaLocation="http://www.springframework.org/schema/beans
							http://www.springframework.org/schema/beans/spring-beans-2.5.xsd
							http://www.springframework.org/schema/context
							http://www.springframework.org/schema/context/spring-context-2.5.xsd">

	<!--  <bean class="org.springframework.beans.factory.annotation.AutowiredAnnotationBeanPostProcessor"/>--> 
	<!-- Instructs Spring to scan for internal service components to instantiate and configure -->
	<context:annotation-config/>	
	<context:component-scan base-package="org.geppetto.frontend" />
		
	<!-- Add flag for Simulation Run Mode --> 
	<bean id="config" class="org.geppetto.frontend.controllers.SimulationServerConfig">
		<property name="serverBehaviorMode" value="OBSERVE" /> 
	</bean>
</beans>
